Added Component: Designator=C1(C0805)
Add component. Clean all parameters for all variants
Add component (AddParameter): Name = "Type"; Value = "Конденсатор"; VariantName = "[No Variations]"
Add component (AddParameter): Name = "Value"; Value = "14"; VariantName = "[No Variations]"
Add component (AddParameter): Name = "Voltage"; Value = "10В"; VariantName = "[No Variations]"
Added Component: Designator=C2(C0805)
Add component. Clean all parameters for all variants
Add component (AddParameter): Name = "Type"; Value = "Конденсатор"; VariantName = "[No Variations]"
Add component (AddParameter): Name = "Value"; Value = "14"; VariantName = "[No Variations]"
Add component (AddParameter): Name = "Voltage"; Value = "10В"; VariantName = "[No Variations]"
Added Component: Designator=X1(USB)
Add component. Clean all parameters for all variants
Add component (AddParameter): Name = "Create"; Value = "Litvinov"; VariantName = "[No Variations]"
Add component (AddParameter): Name = "GND"; Value = "GND"; VariantName = "[No Variations]"
Add component (AddParameter): Name = "In"; Value = "D+"; VariantName = "[No Variations]"
Add component (AddParameter): Name = "Out"; Value = "D-"; VariantName = "[No Variations]"
Add component (AddParameter): Name = "U"; Value = "+5В"; VariantName = "[No Variations]"
Added Component: Designator=X2(UART)
Add component. Clean all parameters for all variants
Add component (AddParameter): Name = "Create"; Value = "Litvinov"; VariantName = "[No Variations]"
Add component (AddParameter): Name = "GND"; Value = "GND"; VariantName = "[No Variations]"
Add component (AddParameter): Name = "In"; Value = "TxD"; VariantName = "[No Variations]"
Add component (AddParameter): Name = "Out"; Value = "RxD"; VariantName = "[No Variations]"
Add component (AddParameter): Name = "U"; Value = "+3,3В"; VariantName = "[No Variations]"
Added Pin To Net: NetName=GND Pin=C1-1
Added Pin To Net: NetName=NetC1_2 Pin=C1-2
Added Pin To Net: NetName=GND Pin=C2-1
Added Pin To Net: NetName=NetC2_2 Pin=C2-2
Added Pin To Net: NetName=NetC4_2 Pin=X1-1
Added Pin To Net: NetName=NetDD1_18 Pin=X1-2
Added Pin To Net: NetName=NetDD1_19 Pin=X1-3
Added Pin To Net: NetName=GND Pin=X1-4
Added Pin To Net: NetName=NetC4_2 Pin=X2-1
Added Pin To Net: NetName=NetDD1_10 Pin=X2-2
Added Pin To Net: NetName=NetDD1_12 Pin=X2-3
Added Pin To Net: NetName=GND Pin=X2-4
Added Member To Class: ClassName=Lab1_Scheme Member=Component C1 Capacitor
Added Member To Class: ClassName=Lab1_Scheme Member=Component C2 Capacitor
Added Member To Class: ClassName=Lab1_Scheme Member=Component X1 USB
Added Member To Class: ClassName=Lab1_Scheme Member=Component X2 UART
